# JRE version: OpenJDK Runtime Environment Temurin-17.0.11+9 (17.0.11+9) (build 17.0.11+9)
# Java VM: OpenJDK 64-Bit Server VM Temurin-17.0.11+9 (17.0.11+9, mixed mode, tiered, compressed oops, compressed class ptrs, g1 gc, windows-amd64)
GC Precious Log:
 CPUs: 8 total, 8 available
 Memory: 3870M
 Large Page Support: Disabled
 NUMA Support: Disabled
 Compressed Oops: Enabled (32-bit)
 Heap Region Size: 1M
 Heap Min Capacity: 8M
 Heap Initial Capacity: 62M
 Heap Max Capacity: 968M
 Pre-touch: Disabled
 Parallel Workers: 8
 Concurrent Workers: 2
 Concurrent Refinement Workers: 8
 Periodic GC: Disabled
Heap:
 garbage-first heap   total 63488K, used 32889K [0x00000000c3800000, 0x0000000100000000)
  region size 1024K, 18 young (18432K), 2 survivors (2048K)
 Metaspace       used 25796K, committed 26048K, reserved 1114112K
  class space    used 2833K, committed 2944K, reserved 1048576K
GC Heap History (6 events):
Event: 2.655 GC heap before
{Heap before GC invocations=0 (full 0):
 garbage-first heap   total 63488K, used 24576K [0x00000000c3800000, 0x0000000100000000)
  region size 1024K, 23 young (23552K), 0 survivors (0K)
 Metaspace       used 13025K, committed 13184K, reserved 1114112K
  class space    used 1206K, committed 1280K, reserved 1048576K
}
Event: 2.681 GC heap after
{Heap after GC invocations=1 (full 0):
 garbage-first heap   total 63488K, used 10134K [0x00000000c3800000, 0x0000000100000000)
  region size 1024K, 3 young (3072K), 3 survivors (3072K)
 Metaspace       used 13025K, committed 13184K, reserved 1114112K
  class space    used 1206K, committed 1280K, reserved 1048576K
}
Event: 3.021 GC heap before
{Heap before GC invocations=1 (full 0):
 garbage-first heap   total 63488K, used 29590K [0x00000000c3800000, 0x0000000100000000)
  region size 1024K, 22 young (22528K), 3 survivors (3072K)
 Metaspace       used 14905K, committed 15104K, reserved 1114112K
  class space    used 1370K, committed 1472K, reserved 1048576K
}
Event: 3.035 GC heap after
{Heap after GC invocations=2 (full 0):
 garbage-first heap   total 63488K, used 15690K [0x00000000c3800000, 0x0000000100000000)
  region size 1024K, 3 young (3072K), 3 survivors (3072K)
 Metaspace       used 14905K, committed 15104K, reserved 1114112K
  class space    used 1370K, committed 1472K, reserved 1048576K
}
Event: 5.281 GC heap before
{Heap before GC invocations=2 (full 0):
 garbage-first heap   total 63488K, used 26954K [0x00000000c3800000, 0x0000000100000000)
  region size 1024K, 16 young (16384K), 3 survivors (3072K)
 Metaspace       used 21361K, committed 21504K, reserved 1114112K
  class space    used 2184K, committed 2240K, reserved 1048576K
}
Event: 5.290 GC heap after
{Heap after GC invocations=3 (full 0):
 garbage-first heap   total 63488K, used 17529K [0x00000000c3800000, 0x0000000100000000)
  region size 1024K, 2 young (2048K), 2 survivors (2048K)
 Metaspace       used 21361K, committed 21504K, reserved 1114112K
  class space    used 2184K, committed 2240K, reserved 1048576K
}

