<?xml version="1.0" encoding="UTF-8"?>
<!-- Generated by org.testng.reporters.JUnitXMLReporter -->
<testsuite ignored="0" hostname="DESKTOP-5NEEPGF" failures="0" tests="4" name="Default test" time="16.247" errors="0" timestamp="2024-05-31T15:48:22 IST">
  <testcase classname="TestNg.group2" name="test01" time="4.765"/>
  <testcase classname="TestNg.group2" name="test02" time="4.296"/>
  <testcase classname="TestNg.group1" name="test01" time="3.704"/>
  <testcase classname="TestNg.group1" name="test02" time="3.437"/>
</testsuite> <!-- Default test -->
