<?xml version="1.0" encoding="UTF-8"?>
<!-- Generated by org.testng.reporters.JUnitXMLReporter -->
<testsuite ignored="2" hostname="DESKTOP-5NEEPGF" failures="0" tests="2" name="Test" time="8.627" errors="0" timestamp="2024-05-28T23:51:16 IST">
  <testcase classname="TestNg.group1" name="test01" time="4.373"/>
  <testcase classname="TestNg.group2" name="test02" time="4.199"/>
  <testcase classname="TestNg.group1" name="test02" time="0.0">
    <ignored/>
  </testcase> <!-- test02 -->
  <testcase classname="TestNg.group2" name="test01" time="0.0">
    <ignored/>
  </testcase> <!-- test01 -->
</testsuite> <!-- Test -->
