<?xml version="1.0" encoding="UTF-8"?>
<testng-results ignored="0" total="4" passed="4" failed="0" skipped="0">
  <reporter-output>
  </reporter-output>
  <suite started-at="2024-05-31T15:48:05 IST" name="Default suite" finished-at="2024-05-31T15:48:22 IST" duration-ms="16247">
    <groups>
      <group name="regression">
        <method signature="group2.test01()[pri:0, instance:TestNg.group2@306e95ec]" name="test01" class="TestNg.group2"/>
      </group> <!-- regression -->
      <group name="smoke">
        <method signature="group1.test01()[pri:0, instance:TestNg.group1@53ce1329]" name="test01" class="TestNg.group1"/>
        <method signature="group2.test02()[pri:0, instance:TestNg.group2@306e95ec]" name="test02" class="TestNg.group2"/>
      </group> <!-- smoke -->
    </groups>
    <test started-at="2024-05-31T15:48:05 IST" name="Default test" finished-at="2024-05-31T15:48:22 IST" duration-ms="16247">
      <class name="TestNg.group2">
        <test-method signature="test01()[pri:0, instance:TestNg.group2@306e95ec]" started-at="2024-05-31T15:48:05 IST" name="test01" finished-at="2024-05-31T15:48:10 IST" duration-ms="4765" status="PASS">
          <reporter-output>
          </reporter-output>
        </test-method> <!-- test01 -->
        <test-method signature="test02()[pri:0, instance:TestNg.group2@306e95ec]" started-at="2024-05-31T15:48:10 IST" name="test02" finished-at="2024-05-31T15:48:14 IST" duration-ms="4296" status="PASS">
          <reporter-output>
          </reporter-output>
        </test-method> <!-- test02 -->
      </class> <!-- TestNg.group2 -->
      <class name="TestNg.group1">
        <test-method signature="test01()[pri:0, instance:TestNg.group1@53ce1329]" started-at="2024-05-31T15:48:14 IST" name="test01" finished-at="2024-05-31T15:48:18 IST" duration-ms="3704" status="PASS">
          <reporter-output>
          </reporter-output>
        </test-method> <!-- test01 -->
        <test-method signature="test02()[pri:0, instance:TestNg.group1@53ce1329]" started-at="2024-05-31T15:48:18 IST" name="test02" finished-at="2024-05-31T15:48:22 IST" duration-ms="3437" status="PASS">
          <reporter-output>
          </reporter-output>
        </test-method> <!-- test02 -->
      </class> <!-- TestNg.group1 -->
    </test> <!-- Default test -->
  </suite> <!-- Default suite -->
</testng-results>
